{
  "RSpec": {
    "coverage": {
      "/Users/addyboo/Projects/quiz/spec/features/add_question_spec.rb": [
        1,
        null,
        1,
        1,
        1,
        1,
        1,
        1,
        1,
        null,
        1,
        null,
        null
      ],
      "/Users/addyboo/Projects/quiz/spec/rails_helper.rb": [
        null,
        1,
        1,
        null,
        1,
        1,
        1,
        1,
        null,
        null,
        null,
        null,
        null,
        null,
        null,
        null,
        null,
        null,
        null,
        null,
        null,
        null,
        null,
        null,
        null,
        null,
        null,
        null,
        1,
        null,
        1,
        null,
        1,
        null,
        null,
        null,
        null,
        1,
        null,
        null,
        null,
        null,
        null,
        null,
        null,
        null,
        null,
        null,
        null,
        null,
        null,
        null,
        1,
        null
      ],
      "/Users/addyboo/Projects/quiz/config/environment.rb": [
        null,
        1,
        null,
        null,
        1
      ],
      "/Users/addyboo/Projects/quiz/config/application.rb": [
        1,
        null,
        1,
        null,
        1,
        1,
        1,
        1,
        1,
        1,
        1,
        null,
        null,
        null,
        null,
        1,
        null,
        1,
        1,
        null,
        null,
        null,
        null,
        null,
        null,
        null,
        null,
        null,
        null,
        null,
        null,
        null,
        1,
        null,
        null
      ],
      "/Users/addyboo/Projects/quiz/config/boot.rb": [
        1,
        null,
        1
      ],
      "/Users/addyboo/Projects/quiz/config/environments/test.rb": [
        1,
        null,
        null,
        null,
        null,
        null,
        null,
        1,
        null,
        null,
        null,
        null,
        1,
        null,
        null,
        1,
        1,
        null,
        null,
        1,
        1,
        null,
        null,
        1,
        null,
        null,
        1,
        null,
        null,
        null,
        null,
        1,
        null,
        null,
        1,
        null,
        null,
        1,
        null,
        null,
        null,
        null
      ],
      "/Users/addyboo/Projects/quiz/config/initializers/assets.rb": [
        null,
        null,
        null,
        1,
        null,
        null,
        null,
        null,
        null,
        null,
        null
      ],
      "/Users/addyboo/Projects/quiz/config/initializers/backtrace_silencers.rb": [
        null,
        null,
        null,
        null,
        null,
        null,
        null
      ],
      "/Users/addyboo/Projects/quiz/config/initializers/cookies_serializer.rb": [
        null,
        null,
        1
      ],
      "/Users/addyboo/Projects/quiz/config/initializers/filter_parameter_logging.rb": [
        null,
        null,
        null,
        1
      ],
      "/Users/addyboo/Projects/quiz/config/initializers/inflections.rb": [
        null,
        null,
        null,
        null,
        null,
        null,
        null,
        null,
        null,
        null,
        null,
        null,
        null,
        null,
        null,
        null
      ],
      "/Users/addyboo/Projects/quiz/config/initializers/mime_types.rb": [
        null,
        null,
        null,
        null
      ],
      "/Users/addyboo/Projects/quiz/config/initializers/session_store.rb": [
        null,
        null,
        1
      ],
      "/Users/addyboo/Projects/quiz/config/initializers/wrap_parameters.rb": [
        null,
        null,
        null,
        null,
        null,
        null,
        1,
        1,
        null,
        null,
        null,
        null,
        null,
        null
      ],
      "/Users/addyboo/Projects/quiz/spec/factories.rb": [
        1,
        1,
        1,
        null,
        null,
        1,
        1,
        1,
        null,
        null
      ],
      "/Users/addyboo/Projects/quiz/config/routes.rb": [
        1,
        1,
        1,
        null,
        null
      ],
      "/Users/addyboo/Projects/quiz/app/helpers/application_helper.rb": [
        1,
        null
      ],
      "/Users/addyboo/Projects/quiz/spec/features/add_quiz_spec.rb": [
        1,
        null,
        1,
        1,
        1,
        1,
        1,
        1,
        null,
        1,
        null,
        null
      ],
      "/Users/addyboo/Projects/quiz/spec/features/delete_question_spec.rb": [
        1,
        null,
        1,
        1,
        1,
        1,
        1,
        1,
        null,
        1,
        null,
        null
      ],
      "/Users/addyboo/Projects/quiz/spec/features/delete_quiz_spec.rb": [
        1,
        null,
        1,
        1,
        1,
        1,
        1,
        null,
        1,
        null,
        null
      ],
      "/Users/addyboo/Projects/quiz/spec/features/edit_question_spec.rb": [
        1,
        null,
        1,
        1,
        1,
        1,
        1,
        1,
        1,
        null,
        1,
        null,
        null
      ],
      "/Users/addyboo/Projects/quiz/spec/features/edit_quiz_spec.rb": [
        1,
        null,
        1,
        1,
        1,
        1,
        1,
        1,
        1,
        null,
        1,
        null,
        null,
        null
      ],
      "/Users/addyboo/Projects/quiz/spec/models/question_spec.rb": [
        1,
        null,
        1,
        2,
        2,
        null
      ],
      "/Users/addyboo/Projects/quiz/app/models/question.rb": [
        1,
        1,
        1,
        null
      ],
      "/Users/addyboo/Projects/quiz/spec/models/quiz_spec.rb": [
        1,
        null,
        1,
        2,
        2,
        null
      ],
      "/Users/addyboo/Projects/quiz/app/models/quiz.rb": [
        1,
        1,
        1,
        null
      ],
      "/Users/addyboo/Projects/quiz/app/controllers/quizzes_controller.rb": [
        1,
        1,
        4,
        null,
        null,
        1,
        1,
        null,
        null,
        1,
        1,
        1,
        1,
        1,
        null,
        0,
        0,
        null,
        null,
        null,
        1,
        6,
        6,
        null,
        null,
        1,
        1,
        null,
        null,
        1,
        1,
        1,
        1,
        1,
        null,
        0,
        0,
        null,
        null,
        null,
        1,
        1,
        1,
        1,
        1,
        null,
        null,
        1,
        null,
        1,
        2,
        null,
        null
      ],
      "/Users/addyboo/Projects/quiz/app/controllers/application_controller.rb": [
        1,
        null,
        null,
        1,
        null
      ],
      "/Users/addyboo/Projects/quiz/app/controllers/questions_controller.rb": [
        1,
        1,
        null,
        null,
        1,
        1,
        1,
        null,
        null,
        1,
        1,
        1,
        null,
        1,
        1,
        1,
        null,
        0,
        0,
        null,
        null,
        null,
        1,
        1,
        1,
        null,
        null,
        1,
        1,
        1,
        1,
        1,
        1,
        null,
        0,
        0,
        null,
        null,
        null,
        1,
        1,
        1,
        null,
        null,
        1,
        1,
        1,
        1,
        1,
        1,
        null,
        null,
        1,
        null,
        1,
        2,
        null,
        null
      ]
    },
    "timestamp": 1438020018
  }
}
